<?xml version="1.0" encoding="UTF-8"?>
<!-- Generated by org.testng.reporters.JUnitXMLReporter -->
<testsuite hostname="DB0276" name="checkInvalidLogin" tests="6" failures="0" timestamp="18 Feb 2018 11:27:24 GMT" time="36.931" errors="0">
  <testcase name="checkValidLogin" time="3.531" classname="com.interview.oracle.LoginTest"/>
  <testcase name="checkValidLogin" time="2.081" classname="com.interview.oracle.LoginTest"/>
  <testcase name="checkInvalidLogin" time="1.46" classname="com.interview.oracle.LoginTest"/>
  <testcase name="flightFinderFromToCityTest" time="4.953" classname="com.interview.oracle.FlightFinder"/>
  <testcase name="flightFinderPageTitleTest" time="5.443" classname="com.interview.oracle.FlightFinder"/>
  <testcase name="flightValidationTest" time="4.708" classname="com.interview.oracle.FlightFinder"/>
</testsuite> <!-- checkInvalidLogin -->
