<?xml version="1.0" encoding="UTF-8"?>
<!-- Generated by org.testng.reporters.JUnitXMLReporter -->
<testsuite hostname="DB0276" name="SmokeTests" tests="6" failures="0" timestamp="18 Feb 2018 13:22:29 GMT" time="37.294" errors="0">
  <testcase name="checkValidLogin" time="3.402" classname="com.interview.oracle.LoginTest"/>
  <testcase name="checkValidLogin" time="1.812" classname="com.interview.oracle.LoginTest"/>
  <testcase name="checkInvalidLogin" time="1.554" classname="com.interview.oracle.LoginTest"/>
  <testcase name="flightFinderFromToCityTest" time="5.123" classname="com.interview.oracle.FlightFinderTest"/>
  <testcase name="flightFinderPageTitleTest" time="5.034" classname="com.interview.oracle.FlightFinderTest"/>
  <testcase name="flightValidationTest" time="5.859" classname="com.interview.oracle.FlightFinderTest"/>
</testsuite> <!-- SmokeTests -->
