<?xml version="1.0" encoding="UTF-8"?>
<!-- Generated by org.testng.reporters.JUnitXMLReporter -->
<testsuite hostname="DB0276" name="SmokeTests" tests="6" failures="0" timestamp="18 Feb 2018 11:29:06 GMT" time="39.618" errors="0">
  <testcase name="checkValidLogin" time="5.571" classname="com.interview.oracle.LoginTest"/>
  <testcase name="checkValidLogin" time="1.891" classname="com.interview.oracle.LoginTest"/>
  <testcase name="checkInvalidLogin" time="1.527" classname="com.interview.oracle.LoginTest"/>
  <testcase name="flightFinderFromToCityTest" time="4.797" classname="com.interview.oracle.FlightFinder"/>
  <testcase name="flightFinderPageTitleTest" time="5.638" classname="com.interview.oracle.FlightFinder"/>
  <testcase name="flightValidationTest" time="5.722" classname="com.interview.oracle.FlightFinder"/>
</testsuite> <!-- SmokeTests -->
