<?xml version="1.0" encoding="UTF-8"?>
<!-- Generated by org.testng.reporters.JUnitXMLReporter -->
<testsuite hostname="DB0276" name="checkInvalidLogin" tests="6" failures="0" timestamp="18 Feb 2018 11:12:05 GMT" time="114.485" errors="0">
  <testcase name="checkValidLogin" time="37.207" classname="com.interview.oracle.LoginTest"/>
  <testcase name="checkValidLogin" time="19.107" classname="com.interview.oracle.LoginTest"/>
  <testcase name="checkInvalidLogin" time="1.48" classname="com.interview.oracle.LoginTest"/>
  <testcase name="flightFinderFromToCityTest" time="19.045" classname="com.interview.oracle.FlightFinder"/>
  <testcase name="flightFinderPageTitleTest" time="18.698" classname="com.interview.oracle.FlightFinder"/>
  <testcase name="flightValidationTest" time="5.281" classname="com.interview.oracle.FlightFinder"/>
</testsuite> <!-- checkInvalidLogin -->
