<?xml version="1.0" encoding="UTF-8"?>
<testsuite xmlns:xsi="http://www.w3.org/2001/XMLSchema-instance" xsi:noNamespaceSchemaLocation="https://maven.apache.org/surefire/maven-surefire-plugin/xsd/surefire-test-report.xsd" name="TestSuite" time="114.815" tests="6" errors="0" skipped="0" failures="0">
  <properties>
[...]
</properties>
  <testcase name="checkValidLogin" classname="com.interview.oracle.LoginTest" time="37.208"/>
  <testcase name="checkValidLogin" classname="com.interview.oracle.LoginTest" time="19.107"/>
  <testcase name="checkInvalidLogin" classname="com.interview.oracle.LoginTest" time="1.481"/>
  <testcase name="flightFinderFromToCityTest" classname="com.interview.oracle.FlightFinder" time="19.044"/>
  <testcase name="flightFinderPageTitleTest" classname="com.interview.oracle.FlightFinder" time="18.698"/>
  <testcase name="flightValidationTest" classname="com.interview.oracle.FlightFinder" time="5.281"/>
</testsuite>